<?xml version="1.0" encoding="UTF-8"?>
<!-- Generated by org.testng.reporters.JUnitReportReporter -->
<testsuite hostname="Urbonblossom" failures="0" tests="1" name="Practice.Demo" time="0.011" errors="0" timestamp="2023-04-19T20:11:24 IST" skipped="0">
  <testcase classname="Practice.Demo" name="method" time="0.011"/>
  <system-out/>
</testsuite> <!-- Practice.Demo -->
